<?xml version="1.0" encoding="UTF-8"?>
<testExecutions version="1">
  <file path="C:\Users\lovis\Desktop\Coding\mastering-mern\auth-service\tests\users\register.spec.ts">
    <testCase name="POST /api/auth/register Given all fields should return the 201 status code" duration="487"/>
    <testCase name="POST /api/auth/register Given all fields should return valid json response" duration="301"/>
    <testCase name="POST /api/auth/register Given all fields should persist the user in the database" duration="322"/>
    <testCase name="POST /api/auth/register Given all fields should return an id of the created user" duration="290"/>
    <testCase name="POST /api/auth/register Given all fields should assign a customer role" duration="285"/>
    <testCase name="POST /api/auth/register Given all fields should store the hashed password in the database" duration="283"/>
    <testCase name="POST /api/auth/register Given all fields should return 400 status code if email is already exits" duration="155"/>
    <testCase name="POST /api/auth/register Given all fields should return the access token and refresh token inside a cookie" duration="281"/>
    <testCase name="POST /api/auth/register Given all fields should store the refresh token in the database" duration="334"/>
    <testCase name="POST /api/auth/register Fields are missing should return 400 status code if email field is missing" duration="67"/>
    <testCase name="POST /api/auth/register Fields are missing should return 400 status code if firstName field is missing" duration="64"/>
    <testCase name="POST /api/auth/register Fields are missing should return 400 status code if lastName field is missing" duration="67"/>
    <testCase name="POST /api/auth/register Fields are missing should return 400 status code if password field is missing" duration="67"/>
    <testCase name="POST /api/auth/register Fields are missing should return 400 status code if password length is less than 8 characters" duration="64"/>
    <testCase name="POST /api/auth/register Fields are not in proper format should trim the email field" duration="297"/>
  </file>
  <file path="C:\Users\lovis\Desktop\Coding\mastering-mern\auth-service\tests\users\user.spec.ts">
    <testCase name="GET /api/auth/self Given all fields should return the 200 status code" duration="158"/>
    <testCase name="GET /api/auth/self Given all fields should return the user data" duration="219"/>
    <testCase name="GET /api/auth/self Given all fields should not return password field" duration="228"/>
    <testCase name="GET /api/auth/self Given all fields should return 401 status code it token does not exit" duration="115"/>
  </file>
  <file path="C:\Users\lovis\Desktop\Coding\mastering-mern\auth-service\tests\tenants\create.spec.ts">
    <testCase name="POST /api/tenants Given all fields should return a 201 status code" duration="159"/>
    <testCase name="POST /api/tenants Given all fields should create a tenant in the database" duration="163"/>
    <testCase name="POST /api/tenants Given all fields should return 401 is user is not authenticated" duration="117"/>
    <testCase name="POST /api/tenants Given all fields should return 403 if the user is not an admin" duration="119"/>
  </file>
  <file path="C:\Users\lovis\Desktop\Coding\mastering-mern\auth-service\tests\users\logout.spec.ts">
    <testCase name="POST /api/auth/login Given all fields should logout the user" duration="446"/>
  </file>
  <file path="C:\Users\lovis\Desktop\Coding\mastering-mern\auth-service\tests\users\create.spec.ts">
    <testCase name="POST /api/users Given all fields should persist the user in the database" duration="338"/>
    <testCase name="POST /api/users Given all fields should create a manager user" duration="307"/>
  </file>
  <file path="C:\Users\lovis\Desktop\Coding\mastering-mern\auth-service\tests\users\login.spec.ts">
    <testCase name="POST /api/auth/login Given all fields should login the user" duration="358"/>
    <testCase name="POST /api/auth/login Given all fields should return the 400 if email or password is wrong" duration="308"/>
  </file>
  <file path="C:\Users\lovis\Desktop\Coding\mastering-mern\auth-service\tests\users\refresh.spec.ts">
    <testCase name="POST /api/auth/refresh Given all fields should return access token if refresh token is valid" duration="674"/>
  </file>
</testExecutions>